
=== Mon Feb 25 08:28:48 2019

Packages were changed.
Update Mode: updateDependencies

The following packages were added:
  com.unity.timeline@1.0.0
  com.unity.xr.legacyinputhelpers@1.0.0
The following packages were updated:
  com.unity.package-manager-ui from version 2.0.4 to 2.1.1
  com.unity.render-pipelines.lightweight from version 4.9.0-preview to 5.2.3
  com.unity.shadergraph from version 4.9.0-preview to 5.2.3

=== Mon Apr  1 15:57:51 2019

Packages were changed.
Update Mode: updateDependencies

The following packages were updated:
  com.unity.textmeshpro from version 1.3.0 to 2.0.0

=== Wed Apr 17 12:03:38 2019

Packages were changed.
Update Mode: updateDependencies

The following packages were updated:
  com.unity.package-manager-ui from version 2.1.1 to 2.1.2

=== Tue Jul  2 13:16:32 2019

Packages were changed.
Update Mode: updateDependencies

The following packages were updated:
  com.unity.textmeshpro from version 2.0.0 to 2.0.1

=== Sun May 16 09:55:01 2021

Packages were changed.
Update Mode: updateDependencies

The following packages were added:
  com.unity.2d.sprite@1.0.0
  com.unity.2d.tilemap@1.0.0
  com.unity.ide.rider@1.1.4
  com.unity.ide.vscode@1.2.3
  com.unity.modules.androidjni@1.0.0
  com.unity.test-framework@1.1.20
  com.unity.ugui@1.0.0
The following packages were updated:
  com.unity.addressables from version 1.8.3 to 1.16.10
  com.unity.render-pipelines.lightweight from version 5.13.0 to 7.3.1
  com.unity.timeline from version 1.0.0 to 1.2.6
The following packages were removed:
  com.unity.package-manager-ui@2.1.2
